<?xml version="1.0" encoding="UTF-8"?>
<!-- Generated by org.testng.reporters.JUnitReportReporter -->
<testsuite hostname="DESKTOP-7PT5OTH" failures="0" tests="1" name="RajTensile.RajTensile.RajTensileSturucture" time="16.756" errors="0" timestamp="2024-05-02T17:57:30 IST" skipped="0">
  <testcase classname="RajTensile.RajTensile.RajTensileSturucture" name="homepage" time="16.756"/>
</testsuite> <!-- RajTensile.RajTensile.RajTensileSturucture -->
